Symlinking /home/pi/catkin_ws/devel/include/vmxpi_ros/StopModeResponse.h
Symlinking /home/pi/catkin_ws/devel/include/vmxpi_ros/Float.h
Symlinking /home/pi/catkin_ws/devel/include/vmxpi_ros/FloatResResponse.h
Symlinking /home/pi/catkin_ws/devel/include/vmxpi_ros/FloatRequest.h
Symlinking /home/pi/catkin_ws/devel/include/vmxpi_ros/StringResRequest.h
Symlinking /home/pi/catkin_ws/devel/include/vmxpi_ros/IntRes.h
Symlinking /home/pi/catkin_ws/devel/include/vmxpi_ros/UniqueID.h
Symlinking /home/pi/catkin_ws/devel/include/vmxpi_ros/FloatResponse.h
Symlinking /home/pi/catkin_ws/devel/include/vmxpi_ros/IntResResponse.h
Symlinking /home/pi/catkin_ws/devel/include/vmxpi_ros/MotorSpeedResponse.h
Symlinking /home/pi/catkin_ws/devel/include/vmxpi_ros/StringResResponse.h
Symlinking /home/pi/catkin_ws/devel/include/vmxpi_ros/Int.h
Symlinking /home/pi/catkin_ws/devel/include/vmxpi_ros/MotorSpeed.h
Symlinking /home/pi/catkin_ws/devel/include/vmxpi_ros/TitanInfo.h
Symlinking /home/pi/catkin_ws/devel/include/vmxpi_ros/FloatRes.h
Symlinking /home/pi/catkin_ws/devel/include/vmxpi_ros/IntResRequest.h
Symlinking /home/pi/catkin_ws/devel/include/vmxpi_ros/IntResponse.h
Symlinking /home/pi/catkin_ws/devel/include/vmxpi_ros/LimitSwitch.h
Symlinking /home/pi/catkin_ws/devel/include/vmxpi_ros/IntRequest.h
Symlinking /home/pi/catkin_ws/devel/include/vmxpi_ros/StopMode.h
Symlinking /home/pi/catkin_ws/devel/include/vmxpi_ros/StopModeRequest.h
Symlinking /home/pi/catkin_ws/devel/include/vmxpi_ros/StringRes.h
Symlinking /home/pi/catkin_ws/devel/include/vmxpi_ros/MotorSpeedRequest.h
Symlinking /home/pi/catkin_ws/devel/include/vmxpi_ros/FloatResRequest.h
Symlinking /home/pi/catkin_ws/devel/lib/pkgconfig/vmxpi_ros.pc
Symlinking /home/pi/catkin_ws/devel/lib/python3/dist-packages/vmxpi_ros/__init__.py
Symlinking /home/pi/catkin_ws/devel/lib/python3/dist-packages/vmxpi_ros/srv/_FloatRes.py
Symlinking /home/pi/catkin_ws/devel/lib/python3/dist-packages/vmxpi_ros/srv/_Int.py
Symlinking /home/pi/catkin_ws/devel/lib/python3/dist-packages/vmxpi_ros/srv/_MotorSpeed.py
Symlinking /home/pi/catkin_ws/devel/lib/python3/dist-packages/vmxpi_ros/srv/_StringRes.py
Symlinking /home/pi/catkin_ws/devel/lib/python3/dist-packages/vmxpi_ros/srv/_IntRes.py
Symlinking /home/pi/catkin_ws/devel/lib/python3/dist-packages/vmxpi_ros/srv/__init__.py
Symlinking /home/pi/catkin_ws/devel/lib/python3/dist-packages/vmxpi_ros/srv/_StopMode.py
Symlinking /home/pi/catkin_ws/devel/lib/python3/dist-packages/vmxpi_ros/srv/_Float.py
Symlinking /home/pi/catkin_ws/devel/lib/python3/dist-packages/vmxpi_ros/msg/_TitanInfo.py
Symlinking /home/pi/catkin_ws/devel/lib/python3/dist-packages/vmxpi_ros/msg/_LimitSwitch.py
Symlinking /home/pi/catkin_ws/devel/lib/python3/dist-packages/vmxpi_ros/msg/_UniqueID.py
Symlinking /home/pi/catkin_ws/devel/lib/python3/dist-packages/vmxpi_ros/msg/__init__.py
Symlinking /home/pi/catkin_ws/devel/share/common-lisp/ros/vmxpi_ros/srv/_package_Int.lisp
Symlinking /home/pi/catkin_ws/devel/share/common-lisp/ros/vmxpi_ros/srv/MotorSpeed.lisp
Symlinking /home/pi/catkin_ws/devel/share/common-lisp/ros/vmxpi_ros/srv/FloatRes.lisp
Symlinking /home/pi/catkin_ws/devel/share/common-lisp/ros/vmxpi_ros/srv/Int.lisp
Symlinking /home/pi/catkin_ws/devel/share/common-lisp/ros/vmxpi_ros/srv/IntRes.lisp
Symlinking /home/pi/catkin_ws/devel/share/common-lisp/ros/vmxpi_ros/srv/_package_StringRes.lisp
Symlinking /home/pi/catkin_ws/devel/share/common-lisp/ros/vmxpi_ros/srv/_package_MotorSpeed.lisp
Symlinking /home/pi/catkin_ws/devel/share/common-lisp/ros/vmxpi_ros/srv/vmxpi_ros-srv.asd
Symlinking /home/pi/catkin_ws/devel/share/common-lisp/ros/vmxpi_ros/srv/_package_Float.lisp
Symlinking /home/pi/catkin_ws/devel/share/common-lisp/ros/vmxpi_ros/srv/Float.lisp
Symlinking /home/pi/catkin_ws/devel/share/common-lisp/ros/vmxpi_ros/srv/_package_FloatRes.lisp
Symlinking /home/pi/catkin_ws/devel/share/common-lisp/ros/vmxpi_ros/srv/_package.lisp
Symlinking /home/pi/catkin_ws/devel/share/common-lisp/ros/vmxpi_ros/srv/_package_StopMode.lisp
Symlinking /home/pi/catkin_ws/devel/share/common-lisp/ros/vmxpi_ros/srv/_package_IntRes.lisp
Symlinking /home/pi/catkin_ws/devel/share/common-lisp/ros/vmxpi_ros/srv/StopMode.lisp
Symlinking /home/pi/catkin_ws/devel/share/common-lisp/ros/vmxpi_ros/srv/StringRes.lisp
Symlinking /home/pi/catkin_ws/devel/share/common-lisp/ros/vmxpi_ros/msg/LimitSwitch.lisp
Symlinking /home/pi/catkin_ws/devel/share/common-lisp/ros/vmxpi_ros/msg/UniqueID.lisp
Symlinking /home/pi/catkin_ws/devel/share/common-lisp/ros/vmxpi_ros/msg/_package_LimitSwitch.lisp
Symlinking /home/pi/catkin_ws/devel/share/common-lisp/ros/vmxpi_ros/msg/vmxpi_ros-msg.asd
Symlinking /home/pi/catkin_ws/devel/share/common-lisp/ros/vmxpi_ros/msg/_package_UniqueID.lisp
Symlinking /home/pi/catkin_ws/devel/share/common-lisp/ros/vmxpi_ros/msg/TitanInfo.lisp
Symlinking /home/pi/catkin_ws/devel/share/common-lisp/ros/vmxpi_ros/msg/_package_TitanInfo.lisp
Symlinking /home/pi/catkin_ws/devel/share/common-lisp/ros/vmxpi_ros/msg/_package.lisp
Symlinking /home/pi/catkin_ws/devel/share/roseus/ros/vmxpi_ros/manifest.l
Symlinking /home/pi/catkin_ws/devel/share/roseus/ros/vmxpi_ros/srv/StringRes.l
Symlinking /home/pi/catkin_ws/devel/share/roseus/ros/vmxpi_ros/srv/StopMode.l
Symlinking /home/pi/catkin_ws/devel/share/roseus/ros/vmxpi_ros/srv/MotorSpeed.l
Symlinking /home/pi/catkin_ws/devel/share/roseus/ros/vmxpi_ros/srv/Float.l
Symlinking /home/pi/catkin_ws/devel/share/roseus/ros/vmxpi_ros/srv/FloatRes.l
Symlinking /home/pi/catkin_ws/devel/share/roseus/ros/vmxpi_ros/srv/Int.l
Symlinking /home/pi/catkin_ws/devel/share/roseus/ros/vmxpi_ros/srv/IntRes.l
Symlinking /home/pi/catkin_ws/devel/share/roseus/ros/vmxpi_ros/msg/TitanInfo.l
Symlinking /home/pi/catkin_ws/devel/share/roseus/ros/vmxpi_ros/msg/UniqueID.l
Symlinking /home/pi/catkin_ws/devel/share/roseus/ros/vmxpi_ros/msg/LimitSwitch.l
Symlinking /home/pi/catkin_ws/devel/share/vmxpi_ros/cmake/vmxpi_ros-msg-paths.cmake
Symlinking /home/pi/catkin_ws/devel/share/vmxpi_ros/cmake/vmxpi_ros-msg-extras.cmake
Symlinking /home/pi/catkin_ws/devel/share/vmxpi_ros/cmake/vmxpi_rosConfig.cmake
Symlinking /home/pi/catkin_ws/devel/share/vmxpi_ros/cmake/vmxpi_rosConfig-version.cmake
Symlinking /home/pi/catkin_ws/devel/share/gennodejs/ros/vmxpi_ros/_index.js
Symlinking /home/pi/catkin_ws/devel/share/gennodejs/ros/vmxpi_ros/srv/MotorSpeed.js
Symlinking /home/pi/catkin_ws/devel/share/gennodejs/ros/vmxpi_ros/srv/StringRes.js
Symlinking /home/pi/catkin_ws/devel/share/gennodejs/ros/vmxpi_ros/srv/StopMode.js
Symlinking /home/pi/catkin_ws/devel/share/gennodejs/ros/vmxpi_ros/srv/Float.js
Symlinking /home/pi/catkin_ws/devel/share/gennodejs/ros/vmxpi_ros/srv/FloatRes.js
Symlinking /home/pi/catkin_ws/devel/share/gennodejs/ros/vmxpi_ros/srv/IntRes.js
Symlinking /home/pi/catkin_ws/devel/share/gennodejs/ros/vmxpi_ros/srv/Int.js
Symlinking /home/pi/catkin_ws/devel/share/gennodejs/ros/vmxpi_ros/srv/_index.js
Symlinking /home/pi/catkin_ws/devel/share/gennodejs/ros/vmxpi_ros/msg/TitanInfo.js
Symlinking /home/pi/catkin_ws/devel/share/gennodejs/ros/vmxpi_ros/msg/UniqueID.js
Symlinking /home/pi/catkin_ws/devel/share/gennodejs/ros/vmxpi_ros/msg/LimitSwitch.js
Symlinking /home/pi/catkin_ws/devel/share/gennodejs/ros/vmxpi_ros/msg/_index.js
