[35m[1mScanning dependencies of target std_srvs_generate_messages_lisp[0m
[35m[1mScanning dependencies of target _vmxpi_ros_generate_messages_check_deps_Float[0m
[35m[1mScanning dependencies of target _vmxpi_ros_generate_messages_check_deps_StringRes[0m
[35m[1mScanning dependencies of target _vmxpi_ros_generate_messages_check_deps_IntRes[0m
[  0%] Built target std_srvs_generate_messages_lisp
[35m[1mScanning dependencies of target _vmxpi_ros_generate_messages_check_deps_Int[0m
[  0%] Built target _vmxpi_ros_generate_messages_check_deps_Float
[  0%] Built target _vmxpi_ros_generate_messages_check_deps_StringRes
[  0%] Built target _vmxpi_ros_generate_messages_check_deps_IntRes
[35m[1mScanning dependencies of target _vmxpi_ros_generate_messages_check_deps_StopMode[0m
[35m[1mScanning dependencies of target _vmxpi_ros_generate_messages_check_deps_TitanInfo[0m
[35m[1mScanning dependencies of target _vmxpi_ros_generate_messages_check_deps_UniqueID[0m
[  0%] Built target _vmxpi_ros_generate_messages_check_deps_Int
[35m[1mScanning dependencies of target _vmxpi_ros_generate_messages_check_deps_MotorSpeed[0m
[  0%] Built target _vmxpi_ros_generate_messages_check_deps_StopMode
[  0%] Built target _vmxpi_ros_generate_messages_check_deps_TitanInfo
[  0%] Built target _vmxpi_ros_generate_messages_check_deps_UniqueID
[35m[1mScanning dependencies of target std_msgs_generate_messages_lisp[0m
[35m[1mScanning dependencies of target sensor_msgs_generate_messages_lisp[0m
[35m[1mScanning dependencies of target _vmxpi_ros_generate_messages_check_deps_LimitSwitch[0m
[  0%] Built target std_msgs_generate_messages_lisp
[  0%] Built target _vmxpi_ros_generate_messages_check_deps_MotorSpeed
[  0%] Built target sensor_msgs_generate_messages_lisp
[35m[1mScanning dependencies of target _vmxpi_ros_generate_messages_check_deps_FloatRes[0m
[35m[1mScanning dependencies of target geometry_msgs_generate_messages_lisp[0m
[35m[1mScanning dependencies of target std_srvs_generate_messages_py[0m
[  0%] Built target geometry_msgs_generate_messages_lisp
[  0%] Built target std_srvs_generate_messages_py
[35m[1mScanning dependencies of target geometry_msgs_generate_messages_py[0m
[35m[1mScanning dependencies of target std_msgs_generate_messages_py[0m
[  0%] Built target _vmxpi_ros_generate_messages_check_deps_LimitSwitch
[  0%] Built target geometry_msgs_generate_messages_py
[  0%] Built target std_msgs_generate_messages_py
[35m[1mScanning dependencies of target sensor_msgs_generate_messages_py[0m
[  0%] Built target _vmxpi_ros_generate_messages_check_deps_FloatRes
[35m[1mScanning dependencies of target std_srvs_generate_messages_eus[0m
[  0%] Built target sensor_msgs_generate_messages_py
[35m[1mScanning dependencies of target std_msgs_generate_messages_eus[0m
[35m[1mScanning dependencies of target geometry_msgs_generate_messages_eus[0m
[  0%] Built target std_srvs_generate_messages_eus
[35m[1mScanning dependencies of target sensor_msgs_generate_messages_eus[0m
[  0%] Built target std_msgs_generate_messages_eus
[  0%] Built target geometry_msgs_generate_messages_eus
[35m[1mScanning dependencies of target geometry_msgs_generate_messages_nodejs[0m
[  0%] Built target sensor_msgs_generate_messages_eus
[35m[1mScanning dependencies of target std_msgs_generate_messages_nodejs[0m
[35m[1mScanning dependencies of target std_srvs_generate_messages_nodejs[0m
[  0%] Built target geometry_msgs_generate_messages_nodejs
[35m[1mScanning dependencies of target sensor_msgs_generate_messages_nodejs[0m
[  0%] Built target std_msgs_generate_messages_nodejs
[  0%] Built target std_srvs_generate_messages_nodejs
[35m[1mScanning dependencies of target std_srvs_generate_messages_cpp[0m
[35m[1mScanning dependencies of target geometry_msgs_generate_messages_cpp[0m
[  0%] Built target sensor_msgs_generate_messages_nodejs
[35m[1mScanning dependencies of target sensor_msgs_generate_messages_cpp[0m
[  0%] Built target std_srvs_generate_messages_cpp
[35m[1mScanning dependencies of target std_msgs_generate_messages_cpp[0m
[  0%] Built target geometry_msgs_generate_messages_cpp
[35m[1mScanning dependencies of target vmxpi_ros_generate_messages_lisp[0m
[  0%] Built target sensor_msgs_generate_messages_cpp
[  0%] Built target std_msgs_generate_messages_cpp
[35m[1mScanning dependencies of target vmxpi_ros_generate_messages_py[0m
[35m[1mScanning dependencies of target vmxpi_ros_generate_messages_eus[0m
[  1%] [34m[1mGenerating Lisp code from vmxpi_ros/LimitSwitch.msg[0m
[35m[1mScanning dependencies of target vmxpi_ros_generate_messages_nodejs[0m
[  3%] [34m[1mGenerating Python from MSG vmxpi_ros/LimitSwitch[0m
[  5%] [34m[1mGenerating EusLisp code from vmxpi_ros/LimitSwitch.msg[0m
[  7%] [34m[1mGenerating Javascript code from vmxpi_ros/LimitSwitch.msg[0m
[  9%] [34m[1mGenerating Lisp code from vmxpi_ros/TitanInfo.msg[0m
[ 11%] [34m[1mGenerating Javascript code from vmxpi_ros/TitanInfo.msg[0m
[ 13%] [34m[1mGenerating EusLisp code from vmxpi_ros/TitanInfo.msg[0m
[ 15%] [34m[1mGenerating Lisp code from vmxpi_ros/UniqueID.msg[0m
[ 16%] [34m[1mGenerating Javascript code from vmxpi_ros/UniqueID.msg[0m
[ 18%] [34m[1mGenerating Lisp code from vmxpi_ros/Int.srv[0m
[ 20%] [34m[1mGenerating Javascript code from vmxpi_ros/Int.srv[0m
[ 22%] [34m[1mGenerating EusLisp code from vmxpi_ros/UniqueID.msg[0m
[ 24%] [34m[1mGenerating Python from MSG vmxpi_ros/TitanInfo[0m
[ 26%] [34m[1mGenerating Lisp code from vmxpi_ros/IntRes.srv[0m
[ 28%] [34m[1mGenerating Javascript code from vmxpi_ros/IntRes.srv[0m
[ 30%] [34m[1mGenerating Lisp code from vmxpi_ros/Float.srv[0m
[ 32%] [34m[1mGenerating EusLisp code from vmxpi_ros/Int.srv[0m
[ 33%] [34m[1mGenerating Javascript code from vmxpi_ros/Float.srv[0m
[ 35%] [34m[1mGenerating Lisp code from vmxpi_ros/FloatRes.srv[0m
[ 37%] [34m[1mGenerating Python from MSG vmxpi_ros/UniqueID[0m
[ 39%] [34m[1mGenerating Javascript code from vmxpi_ros/FloatRes.srv[0m
[ 41%] [34m[1mGenerating EusLisp code from vmxpi_ros/IntRes.srv[0m
[ 43%] [34m[1mGenerating Lisp code from vmxpi_ros/MotorSpeed.srv[0m
[ 45%] [34m[1mGenerating Javascript code from vmxpi_ros/MotorSpeed.srv[0m
[ 47%] [34m[1mGenerating Lisp code from vmxpi_ros/StopMode.srv[0m
[ 49%] [34m[1mGenerating EusLisp code from vmxpi_ros/Float.srv[0m
[ 50%] [34m[1mGenerating Python code from SRV vmxpi_ros/Int[0m
[ 52%] [34m[1mGenerating Javascript code from vmxpi_ros/StopMode.srv[0m
[ 54%] [34m[1mGenerating Lisp code from vmxpi_ros/StringRes.srv[0m
[ 56%] [34m[1mGenerating Javascript code from vmxpi_ros/StringRes.srv[0m
[ 58%] [34m[1mGenerating EusLisp code from vmxpi_ros/FloatRes.srv[0m
[ 58%] Built target vmxpi_ros_generate_messages_lisp
[35m[1mScanning dependencies of target vmxpi_ros_generate_messages_cpp[0m
[ 60%] [34m[1mGenerating C++ code from vmxpi_ros/LimitSwitch.msg[0m
[ 60%] Built target vmxpi_ros_generate_messages_nodejs
[ 62%] [34m[1mGenerating Python code from SRV vmxpi_ros/IntRes[0m
[ 64%] [34m[1mGenerating C++ code from vmxpi_ros/TitanInfo.msg[0m
[ 66%] [34m[1mGenerating EusLisp code from vmxpi_ros/MotorSpeed.srv[0m
[ 67%] [34m[1mGenerating EusLisp code from vmxpi_ros/StopMode.srv[0m
[ 69%] [34m[1mGenerating EusLisp code from vmxpi_ros/StringRes.srv[0m
[ 71%] [34m[1mGenerating Python code from SRV vmxpi_ros/Float[0m
[ 73%] [34m[1mGenerating C++ code from vmxpi_ros/UniqueID.msg[0m
[ 75%] [34m[1mGenerating Python code from SRV vmxpi_ros/FloatRes[0m
[ 77%] [34m[1mGenerating EusLisp manifest code for vmxpi_ros[0m
[ 79%] [34m[1mGenerating Python code from SRV vmxpi_ros/MotorSpeed[0m
[ 81%] [34m[1mGenerating C++ code from vmxpi_ros/Int.srv[0m
[ 83%] [34m[1mGenerating C++ code from vmxpi_ros/IntRes.srv[0m
[ 84%] [34m[1mGenerating Python code from SRV vmxpi_ros/StopMode[0m
[ 86%] [34m[1mGenerating Python code from SRV vmxpi_ros/StringRes[0m
[ 88%] [34m[1mGenerating C++ code from vmxpi_ros/Float.srv[0m
[ 90%] [34m[1mGenerating C++ code from vmxpi_ros/FloatRes.srv[0m
[ 92%] [34m[1mGenerating Python msg __init__.py for vmxpi_ros[0m
[ 94%] [34m[1mGenerating C++ code from vmxpi_ros/MotorSpeed.srv[0m
[ 96%] [34m[1mGenerating Python srv __init__.py for vmxpi_ros[0m
[ 98%] [34m[1mGenerating C++ code from vmxpi_ros/StopMode.srv[0m
[ 98%] Built target vmxpi_ros_generate_messages_eus
[100%] [34m[1mGenerating C++ code from vmxpi_ros/StringRes.srv[0m
[100%] Built target vmxpi_ros_generate_messages_py
[100%] Built target vmxpi_ros_generate_messages_cpp
[35m[1mScanning dependencies of target vmxpi_ros_generate_messages[0m
[100%] Built target vmxpi_ros_generate_messages
